[Thu, 12 Nov 15 08:21:24 +0000][INFO] euler: generate token: eyJ0eXAiOiJKV1QiLCJhbGciOiJIUzI1NiJ9.eyJqdGkiOiJjYjMxM2E4OGI3YjA1MGI1MTNkYWU0ZGU1ODVjOGQzOCIsImlkIjoiNiIsInVzZXJuYW1lIjoiZXVsZXIiLCJ0b2tlbkNyZWF0ZUF0IjoiMjAxNS0xMS0xMiAwODoyMToyNCJ9.KUYh63PuX76O-ys5_CTRACOj48_CEquqW4Qdw-gaqao
[Thu, 12 Nov 15 08:21:24 +0000][INFO] euler: logged in (local)
[Thu, 12 Nov 15 08:36:01 +0000][INFO] superadmin: generate token: eyJ0eXAiOiJKV1QiLCJhbGciOiJIUzI1NiJ9.eyJqdGkiOiI3OGJiNjAwOGViZmVkM2RmYWEwMmM4MTgyMDQyMjM4NCIsImlkIjoiMyIsInVzZXJuYW1lIjoic3VwZXJhZG1pbiIsInRva2VuQ3JlYXRlQXQiOiIyMDE1LTExLTEyIDA4OjM2OjAxIn0.0XC2UHQco-ijvCjElkibpvh3-3ps_1nDhLdNXNjY7FY
[Thu, 12 Nov 15 08:36:01 +0000][INFO] superadmin: logged in (local)
[Thu, 12 Nov 15 08:47:28 +0000][INFO] anonymous: authentication fail
[Thu, 12 Nov 15 08:49:21 +0000][INFO] euler: generate token: eyJ0eXAiOiJKV1QiLCJhbGciOiJIUzI1NiJ9.eyJqdGkiOiI1ZGNmYjA4YTMwMjg3Y2ZjYTA0OTgwZmIzYjNjYzk2NSIsImlkIjoiNiIsInVzZXJuYW1lIjoiZXVsZXIiLCJ0b2tlbkNyZWF0ZUF0IjoiMjAxNS0xMS0xMiAwODo0OToyMSJ9.CxP3i8YGSl7eDwFzWSqotNy-N0hfG497jmZRelbCYdE
[Thu, 12 Nov 15 08:49:21 +0000][INFO] euler: logged in (local)
[Thu, 12 Nov 15 08:49:55 +0000][INFO] euler: generate token: eyJ0eXAiOiJKV1QiLCJhbGciOiJIUzI1NiJ9.eyJqdGkiOiJiMDhjMWRjODI4ZjgzMWM2M2I5Y2Y3MDVlNmQ3ODBkNiIsImlkIjoiNiIsInVzZXJuYW1lIjoiZXVsZXIiLCJ0b2tlbkNyZWF0ZUF0IjoiMjAxNS0xMS0xMiAwODo0OTo1NSJ9.teTxzciwErl228JCBXg_0DjmQCLFtwW6tdbPB-TjXR0
[Thu, 12 Nov 15 08:49:55 +0000][INFO] euler: authentication success
[Thu, 12 Nov 15 08:49:55 +0000][INFO] eulerauthorization fail: try to access log-api.getAll
[Thu, 12 Nov 15 08:50:10 +0000][INFO] superadmin: generate token: eyJ0eXAiOiJKV1QiLCJhbGciOiJIUzI1NiJ9.eyJqdGkiOiIyYjdhNGNiNTY2N2VjMmNiODU2MGUzZWJkYzhmYWJmYiIsImlkIjoiMyIsInVzZXJuYW1lIjoic3VwZXJhZG1pbiIsInRva2VuQ3JlYXRlQXQiOiIyMDE1LTExLTEyIDA4OjUwOjEwIn0.pA3w0PSaNxZb46stRSmMhbv-yjjMMxMS-xDV8nCe564
[Thu, 12 Nov 15 08:50:10 +0000][INFO] superadmin: logged in (local)
[Thu, 12 Nov 15 08:50:40 +0000][INFO] superadmin: generate token: eyJ0eXAiOiJKV1QiLCJhbGciOiJIUzI1NiJ9.eyJqdGkiOiJlNDZlMmEwZjdkZjRjZTFmOWI1Y2JiNDhiNjYzZjk1MCIsImlkIjoiMyIsInVzZXJuYW1lIjoic3VwZXJhZG1pbiIsInRva2VuQ3JlYXRlQXQiOiIyMDE1LTExLTEyIDA4OjUwOjQwIn0.CiKgo3GTjQwch8FIzsvDEUYiLbNu08-u-dwIJv_E7zs
[Thu, 12 Nov 15 08:50:41 +0000][INFO] superadmin: authentication success
[Thu, 12 Nov 15 08:50:41 +0000][INFO] superadmin: authorization success: try to access log-api.getAll
[Thu, 12 Nov 15 08:51:39 +0000][INFO] superadmin: generate token: eyJ0eXAiOiJKV1QiLCJhbGciOiJIUzI1NiJ9.eyJqdGkiOiIxOTVlZWU2NGU1MTQ3OTkzMzhmMzgwYWYxMTVkMTYxNiIsImlkIjoiMyIsInVzZXJuYW1lIjoic3VwZXJhZG1pbiIsInRva2VuQ3JlYXRlQXQiOiIyMDE1LTExLTEyIDA4OjUxOjM5In0.n6ZBICKWmu3QN10cxrc4clcu0xWPPuesCQhafB8gXIQ
[Thu, 12 Nov 15 08:51:39 +0000][INFO] superadmin: authentication success
[Thu, 12 Nov 15 08:51:39 +0000][INFO] superadmin: authorization success: try to access log-api.getAll
[Thu, 12 Nov 15 08:51:39 +0000][INFO] superadmin: authentication success
[Thu, 12 Nov 15 08:51:39 +0000][INFO] superadmin: authorization success: try to access log-api.getAll
[Thu, 12 Nov 15 08:51:39 +0000][INFO] superadmin: authentication success
[Thu, 12 Nov 15 08:51:39 +0000][INFO] superadmin: authorization success: try to access log-api.getAll
[Thu, 12 Nov 15 08:51:40 +0000][INFO] superadmin: authentication success
[Thu, 12 Nov 15 08:51:40 +0000][INFO] superadmin: authorization success: try to access log-api.getAll
[Thu, 12 Nov 15 08:51:40 +0000][INFO] superadmin: authentication success
[Thu, 12 Nov 15 08:51:40 +0000][INFO] superadmin: authorization success: try to access log-api.getAll
[Thu, 12 Nov 15 08:51:41 +0000][INFO] superadmin: authentication success
[Thu, 12 Nov 15 08:51:41 +0000][INFO] superadmin: authorization success: try to access log-api.getAll
[Thu, 12 Nov 15 08:51:41 +0000][INFO] superadmin: authentication success
[Thu, 12 Nov 15 08:51:41 +0000][INFO] superadmin: authorization success: try to access log-api.getAll
[Thu, 12 Nov 15 08:51:42 +0000][INFO] superadmin: authentication success
[Thu, 12 Nov 15 08:51:42 +0000][INFO] superadmin: authorization success: try to access log-api.getAll
[Thu, 12 Nov 15 08:51:43 +0000][INFO] superadmin: authentication success
[Thu, 12 Nov 15 08:51:43 +0000][INFO] superadmin: authorization success: try to access log-api.getAll
[Thu, 12 Nov 15 08:51:43 +0000][INFO] superadmin: authentication success
[Thu, 12 Nov 15 08:51:43 +0000][INFO] superadmin: authorization success: try to access log-api.getAll
[Thu, 12 Nov 15 08:51:44 +0000][INFO] superadmin: authentication success
[Thu, 12 Nov 15 08:51:44 +0000][INFO] superadmin: authorization success: try to access log-api.getAll
[Thu, 12 Nov 15 08:51:44 +0000][INFO] superadmin: authentication success
[Thu, 12 Nov 15 08:51:44 +0000][INFO] superadmin: authorization success: try to access log-api.getAll
[Thu, 12 Nov 15 08:51:45 +0000][INFO] superadmin: authentication success
[Thu, 12 Nov 15 08:51:45 +0000][INFO] superadmin: authorization success: try to access log-api.getAll
[Thu, 12 Nov 15 08:51:45 +0000][INFO] superadmin: authentication success
[Thu, 12 Nov 15 08:51:45 +0000][INFO] superadmin: authorization success: try to access log-api.getAll
[Thu, 12 Nov 15 08:51:46 +0000][INFO] superadmin: authentication success
[Thu, 12 Nov 15 08:51:46 +0000][INFO] superadmin: authorization success: try to access log-api.getAll
[Thu, 12 Nov 15 08:51:47 +0000][INFO] superadmin: authentication success
[Thu, 12 Nov 15 08:51:47 +0000][INFO] superadmin: authorization success: try to access log-api.getAll
[Thu, 12 Nov 15 08:51:47 +0000][INFO] superadmin: authentication success
[Thu, 12 Nov 15 08:51:47 +0000][INFO] superadmin: authorization success: try to access log-api.getAll
[Thu, 12 Nov 15 08:51:48 +0000][INFO] superadmin: authentication success
[Thu, 12 Nov 15 08:51:48 +0000][INFO] superadmin: authorization success: try to access log-api.getAll
[Thu, 12 Nov 15 08:51:48 +0000][INFO] superadmin: authentication success
[Thu, 12 Nov 15 08:51:48 +0000][INFO] superadmin: authorization success: try to access log-api.getAll
[Thu, 12 Nov 15 08:51:49 +0000][INFO] anonymous: authentication fail
[Thu, 12 Nov 15 08:51:49 +0000][INFO] anonymous: authentication fail
